Arguments: 
  /usr/local/lib/node_modules/node/bin/node /usr/local/Cellar/yarn/1.5.1_1/libexec/bin/yarn.js link firstcut-models

PATH: 
  /Users/artichokes/google-cloud-sdk/bin:/Users/artichokes/.fastlane/bin:/Users/artichokes/.meteor:/Users/artichokes/Scripts:/usr/local/git/bin:/usr/local/sbin:/usr/local/bin:/usr/sbin:/usr/bin:/sbin:/bin:/usr/games:/opt/local/bin:/opt/local/sbin:/usr/X11/bin:/Users/artichokes/Library/Android/sdk/tools:/Users/artichokes/Library/Android/sdk/platform-tools:/Users/artichokes/Library/Android/sdk/tools:/Applications/Postgres.app/Contents/Versions/latest/bin:/Users/artichokes/Library/Android/sdk/build-tools/27.0.2

Yarn version: 
  1.5.1

Node version: 
  9.2.0

Platform: 
  darwin x64

npm manifest: 
  {
    "name": "firstcut-pipeline-service",
    "private": true,
    "scripts": {
      "start": "meteor run",
      "test": "meteor test --once --driver-package meteortesting:mocha",
      "test-app": "TEST_WATCH=1 meteor test --full-app --driver-package meteortesting:mocha",
      "visualize": "meteor --production --extra-packages bundle-visualizer"
    },
    "dependencies": {
      "@babel/runtime": "7.0.0-beta.55",
      "firstcut-models": "file:../../packages/firstcut-models",
      "meteor-node-stubs": "^0.4.1"
    },
    "meteor": {
      "mainModule": {
        "client": "client/main.js",
        "server": "server/main.js"
      },
      "testModule": "tests/main.js"
    }
  }

yarn manifest: 
  No manifest

Lockfile: 
  # THIS IS AN AUTOGENERATED FILE. DO NOT EDIT THIS FILE DIRECTLY.
  # yarn lockfile v1
  
  
  "@babel/runtime@7.0.0-beta.55":
    version "7.0.0-beta.55"
    resolved "https://registry.yarnpkg.com/@babel/runtime/-/runtime-7.0.0-beta.55.tgz#0bc33aa5a6ac0b012f37e25b9e6aaa2e489a916b"
    dependencies:
      core-js "^2.5.7"
      regenerator-runtime "^0.12.0"
  
  "@babel/runtime@^7.1.2":
    version "7.1.2"
    resolved "https://registry.yarnpkg.com/@babel/runtime/-/runtime-7.1.2.tgz#81c89935f4647706fc54541145e6b4ecfef4b8e3"
    dependencies:
      regenerator-runtime "^0.12.0"
  
  asn1.js@^4.0.0:
    version "4.10.1"
    resolved "https://registry.yarnpkg.com/asn1.js/-/asn1.js-4.10.1.tgz#b9c2bf5805f1e64aadeed6df3a2bfafb5a73f5a0"
    dependencies:
      bn.js "^4.0.0"
      inherits "^2.0.1"
      minimalistic-assert "^1.0.0"
  
  assert@^1.4.1:
    version "1.4.1"
    resolved "https://registry.yarnpkg.com/assert/-/assert-1.4.1.tgz#99912d591836b5a6f5b345c0f07eefc08fc65d91"
    dependencies:
      util "0.10.3"
  
  aws-sdk@^2.327.0:
    version "2.328.0"
    resolved "https://registry.yarnpkg.com/aws-sdk/-/aws-sdk-2.328.0.tgz#5b9320f9dad3125af5ebac08b11eb0e66343a6d5"
    dependencies:
      buffer "4.9.1"
      events "1.1.1"
      ieee754 "1.1.8"
      jmespath "0.15.0"
      querystring "0.2.0"
      sax "1.2.1"
      url "0.10.3"
      uuid "3.1.0"
      xml2js "0.4.19"
  
  base64-js@^1.0.2:
    version "1.3.0"
    resolved "https://registry.yarnpkg.com/base64-js/-/base64-js-1.3.0.tgz#cab1e6118f051095e58b5281aea8c1cd22bfc0e3"
  
  bn.js@^4.0.0, bn.js@^4.1.0, bn.js@^4.1.1, bn.js@^4.4.0:
    version "4.11.8"
    resolved "https://registry.yarnpkg.com/bn.js/-/bn.js-4.11.8.tgz#2cde09eb5ee341f484746bb0309b3253b1b1442f"
  
  brorand@^1.0.1:
    version "1.1.0"
    resolved "https://registry.yarnpkg.com/brorand/-/brorand-1.1.0.tgz#12c25efe40a45e3c323eb8675a0a0ce57b22371f"
  
  browserify-aes@^1.0.0, browserify-aes@^1.0.4:
    version "1.2.0"
    resolved "http://registry.npmjs.org/browserify-aes/-/browserify-aes-1.2.0.tgz#326734642f403dabc3003209853bb70ad428ef48"
    dependencies:
      buffer-xor "^1.0.3"
      cipher-base "^1.0.0"
      create-hash "^1.1.0"
      evp_bytestokey "^1.0.3"
      inherits "^2.0.1"
      safe-buffer "^5.0.1"
  
  browserify-cipher@^1.0.0:
    version "1.0.1"
    resolved "https://registry.yarnpkg.com/browserify-cipher/-/browserify-cipher-1.0.1.tgz#8d6474c1b870bfdabcd3bcfcc1934a10e94f15f0"
    dependencies:
      browserify-aes "^1.0.4"
      browserify-des "^1.0.0"
      evp_bytestokey "^1.0.0"
  
  browserify-des@^1.0.0:
    version "1.0.2"
    resolved "https://registry.yarnpkg.com/browserify-des/-/browserify-des-1.0.2.tgz#3af4f1f59839403572f1c66204375f7a7f703e9c"
    dependencies:
      cipher-base "^1.0.1"
      des.js "^1.0.0"
      inherits "^2.0.1"
      safe-buffer "^5.1.2"
  
  browserify-rsa@^4.0.0:
    version "4.0.1"
    resolved "http://registry.npmjs.org/browserify-rsa/-/browserify-rsa-4.0.1.tgz#21e0abfaf6f2029cf2fafb133567a701d4135524"
    dependencies:
      bn.js "^4.1.0"
      randombytes "^2.0.1"
  
  browserify-sign@^4.0.0:
    version "4.0.4"
    resolved "https://registry.yarnpkg.com/browserify-sign/-/browserify-sign-4.0.4.tgz#aa4eb68e5d7b658baa6bf6a57e630cbd7a93d298"
    dependencies:
      bn.js "^4.1.1"
      browserify-rsa "^4.0.0"
      create-hash "^1.1.0"
      create-hmac "^1.1.2"
      elliptic "^6.0.0"
      inherits "^2.0.1"
      parse-asn1 "^5.0.0"
  
  browserify-zlib@^0.1.4:
    version "0.1.4"
    resolved "https://registry.yarnpkg.com/browserify-zlib/-/browserify-zlib-0.1.4.tgz#bb35f8a519f600e0fa6b8485241c979d0141fb2d"
    dependencies:
      pako "~0.2.0"
  
  buffer-xor@^1.0.3:
    version "1.0.3"
    resolved "https://registry.yarnpkg.com/buffer-xor/-/buffer-xor-1.0.3.tgz#26e61ed1422fb70dd42e6e36729ed51d855fe8d9"
  
  buffer@4.9.1, buffer@^4.9.1:
    version "4.9.1"
    resolved "http://registry.npmjs.org/buffer/-/buffer-4.9.1.tgz#6d1bb601b07a4efced97094132093027c95bc298"
    dependencies:
      base64-js "^1.0.2"
      ieee754 "^1.1.4"
      isarray "^1.0.0"
  
  builtin-status-codes@^3.0.0:
    version "3.0.0"
    resolved "https://registry.yarnpkg.com/builtin-status-codes/-/builtin-status-codes-3.0.0.tgz#85982878e21b98e1c66425e03d0174788f569ee8"
  
  cipher-base@^1.0.0, cipher-base@^1.0.1, cipher-base@^1.0.3:
    version "1.0.4"
    resolved "https://registry.yarnpkg.com/cipher-base/-/cipher-base-1.0.4.tgz#8760e4ecc272f4c363532f926d874aae2c1397de"
    dependencies:
      inherits "^2.0.1"
      safe-buffer "^5.0.1"
  
  clone@^2.1.1:
    version "2.1.2"
    resolved "https://registry.yarnpkg.com/clone/-/clone-2.1.2.tgz#1b7f4b9f591f1e8f83670401600345a02887435f"
  
  console-browserify@^1.1.0:
    version "1.1.0"
    resolved "https://registry.yarnpkg.com/console-browserify/-/console-browserify-1.1.0.tgz#f0241c45730a9fc6323b206dbf38edc741d0bb10"
    dependencies:
      date-now "^0.1.4"
  
  constants-browserify@^1.0.0:
    version "1.0.0"
    resolved "https://registry.yarnpkg.com/constants-browserify/-/constants-browserify-1.0.0.tgz#c20b96d8c617748aaf1c16021760cd27fcb8cb75"
  
  core-js@^2.5.7:
    version "2.5.7"
    resolved "https://registry.yarnpkg.com/core-js/-/core-js-2.5.7.tgz#f972608ff0cead68b841a16a932d0b183791814e"
  
  core-util-is@~1.0.0:
    version "1.0.2"
    resolved "https://registry.yarnpkg.com/core-util-is/-/core-util-is-1.0.2.tgz#b5fd54220aa2bc5ab57aab7140c940754503c1a7"
  
  create-ecdh@^4.0.0:
    version "4.0.3"
    resolved "https://registry.yarnpkg.com/create-ecdh/-/create-ecdh-4.0.3.tgz#c9111b6f33045c4697f144787f9254cdc77c45ff"
    dependencies:
      bn.js "^4.1.0"
      elliptic "^6.0.0"
  
  create-hash@^1.1.0, create-hash@^1.1.2:
    version "1.2.0"
    resolved "http://registry.npmjs.org/create-hash/-/create-hash-1.2.0.tgz#889078af11a63756bcfb59bd221996be3a9ef196"
    dependencies:
      cipher-base "^1.0.1"
      inherits "^2.0.1"
      md5.js "^1.3.4"
      ripemd160 "^2.0.1"
      sha.js "^2.4.0"
  
  create-hmac@^1.1.0, create-hmac@^1.1.2, create-hmac@^1.1.4:
    version "1.1.7"
    resolved "http://registry.npmjs.org/create-hmac/-/create-hmac-1.1.7.tgz#69170c78b3ab957147b2b8b04572e47ead2243ff"
    dependencies:
      cipher-base "^1.0.3"
      create-hash "^1.1.0"
      inherits "^2.0.1"
      ripemd160 "^2.0.0"
      safe-buffer "^5.0.1"
      sha.js "^2.4.8"
  
  cron-parser@^2.4.0:
    version "2.6.0"
    resolved "https://registry.yarnpkg.com/cron-parser/-/cron-parser-2.6.0.tgz#ae2514ceda9ccb540256e201bdd23ae814e03674"
    dependencies:
      is-nan "^1.2.1"
      moment-timezone "^0.5.0"
  
  crypto-browserify@^3.11.0:
    version "3.12.0"
    resolved "https://registry.yarnpkg.com/crypto-browserify/-/crypto-browserify-3.12.0.tgz#396cf9f3137f03e4b8e532c58f698254e00f80ec"
    dependencies:
      browserify-cipher "^1.0.0"
      browserify-sign "^4.0.0"
      create-ecdh "^4.0.0"
      create-hash "^1.1.0"
      create-hmac "^1.1.0"
      diffie-hellman "^5.0.0"
      inherits "^2.0.1"
      pbkdf2 "^3.0.3"
      public-encrypt "^4.0.0"
      randombytes "^2.0.0"
      randomfill "^1.0.3"
  
  crypto-js@^3.1.9-1:
    version "3.1.9-1"
    resolved "https://registry.yarnpkg.com/crypto-js/-/crypto-js-3.1.9-1.tgz#fda19e761fc077e01ffbfdc6e9fdfc59e8806cd8"
  
  date-now@^0.1.4:
    version "0.1.4"
    resolved "https://registry.yarnpkg.com/date-now/-/date-now-0.1.4.tgz#eaf439fd4d4848ad74e5cc7dbef200672b9e345b"
  
  define-properties@^1.1.1:
    version "1.1.3"
    resolved "https://registry.yarnpkg.com/define-properties/-/define-properties-1.1.3.tgz#cf88da6cbee26fe6db7094f61d870cbd84cee9f1"
    dependencies:
      object-keys "^1.0.12"
  
  des.js@^1.0.0:
    version "1.0.0"
    resolved "https://registry.yarnpkg.com/des.js/-/des.js-1.0.0.tgz#c074d2e2aa6a8a9a07dbd61f9a15c2cd83ec8ecc"
    dependencies:
      inherits "^2.0.1"
      minimalistic-assert "^1.0.0"
  
  diffie-hellman@^5.0.0:
    version "5.0.3"
    resolved "http://registry.npmjs.org/diffie-hellman/-/diffie-hellman-5.0.3.tgz#40e8ee98f55a2149607146921c63e1ae5f3d2875"
    dependencies:
      bn.js "^4.1.0"
      miller-rabin "^4.0.0"
      randombytes "^2.0.0"
  
  domain-browser@^1.1.7:
    version "1.2.0"
    resolved "https://registry.yarnpkg.com/domain-browser/-/domain-browser-1.2.0.tgz#3d31f50191a6749dd1375a7f522e823d42e54eda"
  
  elliptic@^6.0.0:
    version "6.4.1"
    resolved "https://registry.yarnpkg.com/elliptic/-/elliptic-6.4.1.tgz#c2d0b7776911b86722c632c3c06c60f2f819939a"
    dependencies:
      bn.js "^4.4.0"
      brorand "^1.0.1"
      hash.js "^1.0.0"
      hmac-drbg "^1.0.0"
      inherits "^2.0.1"
      minimalistic-assert "^1.0.0"
      minimalistic-crypto-utils "^1.0.0"
  
  evaporate@^2.1.4:
    version "2.1.4"
    resolved "https://registry.yarnpkg.com/evaporate/-/evaporate-2.1.4.tgz#44aa46a930347fdffe9027bae3bb2af71e7a3299"
  
  events@1.1.1, events@^1.1.1:
    version "1.1.1"
    resolved "http://registry.npmjs.org/events/-/events-1.1.1.tgz#9ebdb7635ad099c70dcc4c2a1f5004288e8bd924"
  
  evp_bytestokey@^1.0.0, evp_bytestokey@^1.0.3:
    version "1.0.3"
    resolved "https://registry.yarnpkg.com/evp_bytestokey/-/evp_bytestokey-1.0.3.tgz#7fcbdb198dc71959432efe13842684e0525acb02"
    dependencies:
      md5.js "^1.3.4"
      safe-buffer "^5.1.1"
  
  extend@^3.0.1:
    version "3.0.2"
    resolved "https://registry.yarnpkg.com/extend/-/extend-3.0.2.tgz#f8b1136b4071fbd8eb140aff858b1019ec2915fa"
  
  "firstcut-action-utils@file:../../packages/firstcut-action-utils":
    version "0.0.0"
    dependencies:
      "@babel/runtime" "^7.1.2"
      firstcut-pipeline-consts "file:../../../../Library/Caches/Yarn/v1/firstcut-pipeline-consts"
  
  "firstcut-assets@file:../../packages/firstcut-assets":
    version "0.0.0"
    dependencies:
      "@babel/runtime" "^7.1.2"
      firstcut-model-base "file:../../../../Library/Caches/Yarn/v1/firstcut-model-base"
      firstcut-schema "file:../../../../Library/Caches/Yarn/v1/firstcut-schema"
      firstcut-uploader "file:../../../../Library/Caches/Yarn/v1/firstcut-uploader"
      sanitize-filename "^1.6.1"
  
  "firstcut-blueprints@file:../../packages/firstcut-blueprints":
    version "0.0.0"
    dependencies:
      "@babel/runtime" "^7.1.2"
      firstcut-schema "file:../../../../Library/Caches/Yarn/v1/firstcut-schema"
  
  "firstcut-clients@file:../../packages/firstcut-clients":
    version "0.0.0"
    dependencies:
      "@babel/runtime" "^7.1.2"
      firstcut-action-utils "file:../../../../Library/Caches/Yarn/v1/firstcut-action-utils"
      firstcut-model-base "file:../../../../Library/Caches/Yarn/v1/firstcut-model-base"
      firstcut-schema "file:../../../../Library/Caches/Yarn/v1/firstcut-schema"
  
  "firstcut-collaborators@file:../../packages/firstcut-collaborators":
    version "0.0.0"
    dependencies:
      "@babel/runtime" "^7.1.2"
      firstcut-model-base "file:../../../../Library/Caches/Yarn/v1/firstcut-model-base"
      firstcut-pipeline-consts "file:../../../../Library/Caches/Yarn/v1/firstcut-pipeline-consts"
      firstcut-schema "file:../../../../Library/Caches/Yarn/v1/firstcut-schema"
      lodash "^4.17.11"
      simpl-schema "^1.5.3"
  
  "firstcut-companies@file:../../packages/firstcut-companies":
    version "0.0.0"
    dependencies:
      "@babel/runtime" "^7.1.2"
      firstcut-model-base "file:../../../../Library/Caches/Yarn/v1/firstcut-model-base"
      firstcut-schema "file:../../../../Library/Caches/Yarn/v1/firstcut-schema"
  
  "firstcut-cuts@file:../../packages/firstcut-cuts":
    version "0.0.0"
    dependencies:
      "@babel/runtime" "^7.1.2"
      firstcut-model-base "file:../../../../Library/Caches/Yarn/v1/firstcut-model-base"
      firstcut-pipeline-consts "file:../../../../Library/Caches/Yarn/v1/firstcut-pipeline-consts"
      firstcut-schema "file:../../../../Library/Caches/Yarn/v1/firstcut-schema"
  
  "firstcut-deliverables@file:../../packages/firstcut-deliverables":
    version "0.0.0"
    dependencies:
      "@babel/runtime" "^7.1.2"
      firstcut-blueprints "file:../../../../Library/Caches/Yarn/v1/firstcut-blueprints"
      firstcut-model-base "file:../../../../Library/Caches/Yarn/v1/firstcut-model-base"
      firstcut-pipeline-consts "file:../../../../Library/Caches/Yarn/v1/firstcut-pipeline-consts"
      firstcut-schema "file:../../../../Library/Caches/Yarn/v1/firstcut-schema"
  
  "firstcut-google-api@file:../../packages/firstcut-google-api":
    version "0.0.0"
    dependencies:
      "@babel/runtime" "^7.1.2"
  
  "firstcut-invoices@file:../../packages/firstcut-invoices":
    version "0.0.0"
    dependencies:
      "@babel/runtime" "^7.1.2"
      firstcut-model-base "file:../../../../Library/Caches/Yarn/v1/firstcut-model-base"
      firstcut-pipeline-consts "file:../../../../Library/Caches/Yarn/v1/firstcut-pipeline-consts"
      firstcut-schema "file:../../../../Library/Caches/Yarn/v1/firstcut-schema"
  
  "firstcut-jobs@file:../../packages/firstcut-jobs":
    version "0.0.0"
    dependencies:
      "@babel/runtime" "^7.1.2"
      firstcut-model-base "file:../../../../Library/Caches/Yarn/v1/firstcut-model-base"
      firstcut-schema "file:../../../../Library/Caches/Yarn/v1/firstcut-schema"
      node-schedule "^1.3.0"
  
  "firstcut-model-base@file:../../packages/firstcut-model-base":
    version "0.0.0"
    dependencies:
      "@babel/runtime" "^7.1.2"
      firstcut-action-utils "file:../../../../Library/Caches/Yarn/v1/firstcut-action-utils"
      firstcut-retrieve-url "file:../../../../Library/Caches/Yarn/v1/firstcut-retrieve-url"
      firstcut-schema "file:../../../../Library/Caches/Yarn/v1/firstcut-schema"
      firstcut-utils "file:../../../../Library/Caches/Yarn/v1/firstcut-utils"
      pubsub-js "^1.7.0"
  
  "firstcut-models@file:../../packages/firstcut-models":
    version "0.0.0"
    dependencies:
      "@babel/runtime" "^7.1.2"
      firstcut-assets "file:../../../../Library/Caches/Yarn/v1/firstcut-assets"
      firstcut-clients "file:../../../../Library/Caches/Yarn/v1/firstcut-clients"
      firstcut-collaborators "file:../../../../Library/Caches/Yarn/v1/firstcut-collaborators"
      firstcut-companies "file:../../../../Library/Caches/Yarn/v1/firstcut-companies"
      firstcut-cuts "file:../../../../Library/Caches/Yarn/v1/firstcut-cuts"
      firstcut-deliverables "file:../../../../Library/Caches/Yarn/v1/firstcut-deliverables"
      firstcut-invoices "file:../../../../Library/Caches/Yarn/v1/firstcut-invoices"
      firstcut-jobs "file:../../../../Library/Caches/Yarn/v1/firstcut-jobs"
      firstcut-projects "file:../../../../Library/Caches/Yarn/v1/firstcut-projects"
      firstcut-shoots "file:../../../../Library/Caches/Yarn/v1/firstcut-shoots"
      firstcut-tasks "file:../../../../Library/Caches/Yarn/v1/firstcut-tasks"
      lodash "^4.17.11"
  
  "firstcut-pipeline-consts@file:../../packages/firstcut-pipeline-consts":
    version "0.0.0"
    dependencies:
      "@babel/runtime" "^7.1.2"
      firstcut-google-api "file:../../../../Library/Caches/Yarn/v1/firstcut-google-api"
      immutable "^3.8.2"
  
  "firstcut-projects@file:../../packages/firstcut-projects":
    version "0.0.0"
    dependencies:
      "@babel/runtime" "^7.1.2"
      firstcut-action-utils "file:../../../../Library/Caches/Yarn/v1/firstcut-action-utils"
      firstcut-blueprints "file:../../../../Library/Caches/Yarn/v1/firstcut-blueprints"
      firstcut-google-api "file:../../../../Library/Caches/Yarn/v1/firstcut-google-api"
      firstcut-model-base "file:../../../../Library/Caches/Yarn/v1/firstcut-model-base"
      firstcut-pipeline-consts "file:../../../../Library/Caches/Yarn/v1/firstcut-pipeline-consts"
      firstcut-schema "file:../../../../Library/Caches/Yarn/v1/firstcut-schema"
  
  "firstcut-retrieve-url@file:../../packages/firstcut-retrieve-url":
    version "0.0.0"
    dependencies:
      "@babel/runtime" "^7.1.2"
      firstcut-utils "file:../../../../Library/Caches/Yarn/v1/firstcut-utils"
  
  "firstcut-schema@file:../../packages/firstcut-schema":
    version "0.0.0"
    dependencies:
      "@babel/runtime" "^7.1.2"
      firstcut-pipeline-consts "file:../../../../Library/Caches/Yarn/v1/firstcut-pipeline-consts"
  
  "firstcut-shoots@file:../../packages/firstcut-shoots":
    version "0.0.0"
    dependencies:
      "@babel/runtime" "^7.1.2"
      firstcut-blueprints "file:../../../../Library/Caches/Yarn/v1/firstcut-blueprints"
      firstcut-model-base "file:../../../../Library/Caches/Yarn/v1/firstcut-model-base"
      firstcut-pipeline-consts "file:../../../../Library/Caches/Yarn/v1/firstcut-pipeline-consts"
      firstcut-retrieve-url "file:../../../../Library/Caches/Yarn/v1/firstcut-retrieve-url"
      firstcut-schema "file:../../../../Library/Caches/Yarn/v1/firstcut-schema"
      firstcut-utils "file:../../../../Library/Caches/Yarn/v1/firstcut-utils"
  
  "firstcut-tasks@file:../../packages/firstcut-tasks":
    version "0.0.0"
    dependencies:
      "@babel/runtime" "^7.1.2"
      firstcut-model-base "file:../../../../Library/Caches/Yarn/v1/firstcut-model-base"
      firstcut-pipeline-consts "file:../../../../Library/Caches/Yarn/v1/firstcut-pipeline-consts"
      firstcut-schema "file:../../../../Library/Caches/Yarn/v1/firstcut-schema"
  
  "firstcut-uploader@file:../../packages/firstcut-uploader":
    version "0.0.0"
    dependencies:
      "@babel/runtime" "^7.1.2"
      aws-sdk "^2.327.0"
      crypto-js "^3.1.9-1"
      evaporate "^2.1.4"
  
  "firstcut-utils@file:../../packages/firstcut-utils":
    version "0.0.0"
    dependencies:
      "@babel/runtime" "^7.1.2"
  
  hash-base@^3.0.0:
    version "3.0.4"
    resolved "https://registry.yarnpkg.com/hash-base/-/hash-base-3.0.4.tgz#5fc8686847ecd73499403319a6b0a3f3f6ae4918"
    dependencies:
      inherits "^2.0.1"
      safe-buffer "^5.0.1"
  
  hash.js@^1.0.0, hash.js@^1.0.3:
    version "1.1.5"
    resolved "https://registry.yarnpkg.com/hash.js/-/hash.js-1.1.5.tgz#e38ab4b85dfb1e0c40fe9265c0e9b54854c23812"
    dependencies:
      inherits "^2.0.3"
      minimalistic-assert "^1.0.1"
  
  hmac-drbg@^1.0.0:
    version "1.0.1"
    resolved "https://registry.yarnpkg.com/hmac-drbg/-/hmac-drbg-1.0.1.tgz#d2745701025a6c775a6c545793ed502fc0c649a1"
    dependencies:
      hash.js "^1.0.3"
      minimalistic-assert "^1.0.0"
      minimalistic-crypto-utils "^1.0.1"
  
  https-browserify@0.0.1:
    version "0.0.1"
    resolved "https://registry.yarnpkg.com/https-browserify/-/https-browserify-0.0.1.tgz#3f91365cabe60b77ed0ebba24b454e3e09d95a82"
  
  ieee754@1.1.8:
    version "1.1.8"
    resolved "https://registry.yarnpkg.com/ieee754/-/ieee754-1.1.8.tgz#be33d40ac10ef1926701f6f08a2d86fbfd1ad3e4"
  
  ieee754@^1.1.4:
    version "1.1.12"
    resolved "https://registry.yarnpkg.com/ieee754/-/ieee754-1.1.12.tgz#50bf24e5b9c8bb98af4964c941cdb0918da7b60b"
  
  immutable@^3.8.2:
    version "3.8.2"
    resolved "https://registry.yarnpkg.com/immutable/-/immutable-3.8.2.tgz#c2439951455bb39913daf281376f1530e104adf3"
  
  indexof@0.0.1:
    version "0.0.1"
    resolved "https://registry.yarnpkg.com/indexof/-/indexof-0.0.1.tgz#82dc336d232b9062179d05ab3293a66059fd435d"
  
  inherits@2.0.1:
    version "2.0.1"
    resolved "https://registry.yarnpkg.com/inherits/-/inherits-2.0.1.tgz#b17d08d326b4423e568eff719f91b0b1cbdf69f1"
  
  inherits@2.0.3, inherits@^2.0.1, inherits@^2.0.3, inherits@~2.0.1, inherits@~2.0.3:
    version "2.0.3"
    resolved "https://registry.yarnpkg.com/inherits/-/inherits-2.0.3.tgz#633c2c83e3da42a502f52466022480f4208261de"
  
  is-nan@^1.2.1:
    version "1.2.1"
    resolved "https://registry.yarnpkg.com/is-nan/-/is-nan-1.2.1.tgz#9faf65b6fb6db24b7f5c0628475ea71f988401e2"
    dependencies:
      define-properties "^1.1.1"
  
  isarray@^1.0.0, isarray@~1.0.0:
    version "1.0.0"
    resolved "https://registry.yarnpkg.com/isarray/-/isarray-1.0.0.tgz#bb935d48582cba168c06834957a54a3e07124f11"
  
  jmespath@0.15.0:
    version "0.15.0"
    resolved "https://registry.yarnpkg.com/jmespath/-/jmespath-0.15.0.tgz#a3f222a9aae9f966f5d27c796510e28091764217"
  
  lodash._basecallback@^3.0.0:
    version "3.3.1"
    resolved "https://registry.yarnpkg.com/lodash._basecallback/-/lodash._basecallback-3.3.1.tgz#b7b2bb43dc2160424a21ccf26c57e443772a8e27"
    dependencies:
      lodash._baseisequal "^3.0.0"
      lodash._bindcallback "^3.0.0"
      lodash.isarray "^3.0.0"
      lodash.pairs "^3.0.0"
  
  lodash._baseeach@^3.0.0:
    version "3.0.4"
    resolved "https://registry.yarnpkg.com/lodash._baseeach/-/lodash._baseeach-3.0.4.tgz#cf8706572ca144e8d9d75227c990da982f932af3"
    dependencies:
      lodash.keys "^3.0.0"
  
  lodash._basefind@^3.0.0:
    version "3.0.0"
    resolved "https://registry.yarnpkg.com/lodash._basefind/-/lodash._basefind-3.0.0.tgz#b2bba05cc645f972de2cf925fa2bf63a0f60c8ae"
  
  lodash._basefindindex@^3.0.0:
    version "3.6.0"
    resolved "https://registry.yarnpkg.com/lodash._basefindindex/-/lodash._basefindindex-3.6.0.tgz#f083360a1b022418ed81bc899beb312e21e74a4f"
  
  lodash._baseisequal@^3.0.0:
    version "3.0.7"
    resolved "https://registry.yarnpkg.com/lodash._baseisequal/-/lodash._baseisequal-3.0.7.tgz#d8025f76339d29342767dcc887ce5cb95a5b51f1"
    dependencies:
      lodash.isarray "^3.0.0"
      lodash.istypedarray "^3.0.0"
      lodash.keys "^3.0.0"
  
  lodash._baseismatch@^3.0.0:
    version "3.1.3"
    resolved "https://registry.yarnpkg.com/lodash._baseismatch/-/lodash._baseismatch-3.1.3.tgz#0728fc48efa11699d3d5f2d73049f2ab13c40fd5"
    dependencies:
      lodash._baseisequal "^3.0.0"
  
  lodash._basematches@^3.0.0:
    version "3.2.0"
    resolved "https://registry.yarnpkg.com/lodash._basematches/-/lodash._basematches-3.2.0.tgz#f47e03f07ec20784ab0968d0cb6cb597e2101158"
    dependencies:
      lodash._baseismatch "^3.0.0"
      lodash.pairs "^3.0.0"
  
  lodash._bindcallback@^3.0.0:
    version "3.0.1"
    resolved "https://registry.yarnpkg.com/lodash._bindcallback/-/lodash._bindcallback-3.0.1.tgz#e531c27644cf8b57a99e17ed95b35c748789392e"
  
  lodash._getnative@^3.0.0:
    version "3.9.1"
    resolved "https://registry.yarnpkg.com/lodash._getnative/-/lodash._getnative-3.9.1.tgz#570bc7dede46d61cdcde687d65d3eecbaa3aaff5"
  
  lodash._reinterpolate@~3.0.0:
    version "3.0.0"
    resolved "https://registry.yarnpkg.com/lodash._reinterpolate/-/lodash._reinterpolate-3.0.0.tgz#0ccf2d89166af03b3663c796538b75ac6e114d9d"
  
  lodash.every@^4.6.0:
    version "4.6.0"
    resolved "https://registry.yarnpkg.com/lodash.every/-/lodash.every-4.6.0.tgz#eb89984bebc4364279bb3aefbbd1ca19bfa6c6a7"
  
  lodash.find@^3.0.0:
    version "3.2.1"
    resolved "https://registry.yarnpkg.com/lodash.find/-/lodash.find-3.2.1.tgz#046e319f3ace912ac6c9246c7f683c5ec07b36ad"
    dependencies:
      lodash._basecallback "^3.0.0"
      lodash._baseeach "^3.0.0"
      lodash._basefind "^3.0.0"
      lodash._basefindindex "^3.0.0"
      lodash.isarray "^3.0.0"
      lodash.keys "^3.0.0"
  
  lodash.find@^4.6.0:
    version "4.6.0"
    resolved "https://registry.yarnpkg.com/lodash.find/-/lodash.find-4.6.0.tgz#cb0704d47ab71789ffa0de8b97dd926fb88b13b1"
  
  lodash.findwhere@^3.1.0:
    version "3.1.0"
    resolved "https://registry.yarnpkg.com/lodash.findwhere/-/lodash.findwhere-3.1.0.tgz#7937d34f3eac818dec7fa94e8ca5e26fdba1cfc1"
    dependencies:
      lodash._basematches "^3.0.0"
      lodash.find "^3.0.0"
  
  lodash.foreach@^4.5.0:
    version "4.5.0"
    resolved "https://registry.yarnpkg.com/lodash.foreach/-/lodash.foreach-4.5.0.tgz#1a6a35eace401280c7f06dddec35165ab27e3e53"
  
  lodash.includes@^4.3.0:
    version "4.3.0"
    resolved "https://registry.yarnpkg.com/lodash.includes/-/lodash.includes-4.3.0.tgz#60bb98a87cb923c68ca1e51325483314849f553f"
  
  lodash.isarguments@^3.0.0:
    version "3.1.0"
    resolved "https://registry.yarnpkg.com/lodash.isarguments/-/lodash.isarguments-3.1.0.tgz#2f573d85c6a24289ff00663b491c1d338ff3458a"
  
  lodash.isarray@^3.0.0:
    version "3.0.4"
    resolved "https://registry.yarnpkg.com/lodash.isarray/-/lodash.isarray-3.0.4.tgz#79e4eb88c36a8122af86f844aa9bcd851b5fbb55"
  
  lodash.isempty@^4.4.0:
    version "4.4.0"
    resolved "https://registry.yarnpkg.com/lodash.isempty/-/lodash.isempty-4.4.0.tgz#6f86cbedd8be4ec987be9aaf33c9684db1b31e7e"
  
  lodash.isobject@^3.0.2:
    version "3.0.2"
    resolved "https://registry.yarnpkg.com/lodash.isobject/-/lodash.isobject-3.0.2.tgz#3c8fb8d5b5bf4bf90ae06e14f2a530a4ed935e1d"
  
  lodash.istypedarray@^3.0.0:
    version "3.0.6"
    resolved "https://registry.yarnpkg.com/lodash.istypedarray/-/lodash.istypedarray-3.0.6.tgz#c9a477498607501d8e8494d283b87c39281cef62"
  
  lodash.keys@^3.0.0:
    version "3.1.2"
    resolved "https://registry.yarnpkg.com/lodash.keys/-/lodash.keys-3.1.2.tgz#4dbc0472b156be50a0b286855d1bd0b0c656098a"
    dependencies:
      lodash._getnative "^3.0.0"
      lodash.isarguments "^3.0.0"
      lodash.isarray "^3.0.0"
  
  lodash.merge@^4.6.0:
    version "4.6.1"
    resolved "https://registry.yarnpkg.com/lodash.merge/-/lodash.merge-4.6.1.tgz#adc25d9cb99b9391c59624f379fbba60d7111d54"
  
  lodash.omit@^4.5.0:
    version "4.5.0"
    resolved "https://registry.yarnpkg.com/lodash.omit/-/lodash.omit-4.5.0.tgz#6eb19ae5a1ee1dd9df0b969e66ce0b7fa30b5e60"
  
  lodash.pairs@^3.0.0:
    version "3.0.1"
    resolved "https://registry.yarnpkg.com/lodash.pairs/-/lodash.pairs-3.0.1.tgz#bbe08d5786eeeaa09a15c91ebf0dcb7d2be326a9"
    dependencies:
      lodash.keys "^3.0.0"
  
  lodash.pick@^4.4.0:
    version "4.4.0"
    resolved "https://registry.yarnpkg.com/lodash.pick/-/lodash.pick-4.4.0.tgz#52f05610fff9ded422611441ed1fc123a03001b3"
  
  lodash.template@^4.4.0:
    version "4.4.0"
    resolved "https://registry.yarnpkg.com/lodash.template/-/lodash.template-4.4.0.tgz#e73a0385c8355591746e020b99679c690e68fba0"
    dependencies:
      lodash._reinterpolate "~3.0.0"
      lodash.templatesettings "^4.0.0"
  
  lodash.templatesettings@^4.0.0:
    version "4.1.0"
    resolved "https://registry.yarnpkg.com/lodash.templatesettings/-/lodash.templatesettings-4.1.0.tgz#2b4d4e95ba440d915ff08bc899e4553666713316"
    dependencies:
      lodash._reinterpolate "~3.0.0"
  
  lodash.union@^4.6.0:
    version "4.6.0"
    resolved "https://registry.yarnpkg.com/lodash.union/-/lodash.union-4.6.0.tgz#48bb5088409f16f1821666641c44dd1aaae3cd88"
  
  lodash.uniq@^4.5.0:
    version "4.5.0"
    resolved "https://registry.yarnpkg.com/lodash.uniq/-/lodash.uniq-4.5.0.tgz#d0225373aeb652adc1bc82e4945339a842754773"
  
  lodash.without@^4.4.0:
    version "4.4.0"
    resolved "https://registry.yarnpkg.com/lodash.without/-/lodash.without-4.4.0.tgz#3cd4574a00b67bae373a94b748772640507b7aac"
  
  lodash@^4.17.11:
    version "4.17.11"
    resolved "https://registry.yarnpkg.com/lodash/-/lodash-4.17.11.tgz#b39ea6229ef607ecd89e2c8df12536891cac9b8d"
  
  long-timeout@0.1.1:
    version "0.1.1"
    resolved "https://registry.yarnpkg.com/long-timeout/-/long-timeout-0.1.1.tgz#9721d788b47e0bcb5a24c2e2bee1a0da55dab514"
  
  md5.js@^1.3.4:
    version "1.3.5"
    resolved "https://registry.yarnpkg.com/md5.js/-/md5.js-1.3.5.tgz#b5d07b8e3216e3e27cd728d72f70d1e6a342005f"
    dependencies:
      hash-base "^3.0.0"
      inherits "^2.0.1"
      safe-buffer "^5.1.2"
  
  message-box@^0.2.0:
    version "0.2.0"
    resolved "https://registry.yarnpkg.com/message-box/-/message-box-0.2.0.tgz#f93da217cb11f2a13cb501846fa713f21d6eabb7"
    dependencies:
      lodash.merge "^4.6.0"
      lodash.template "^4.4.0"
  
  meteor-node-stubs@^0.4.1:
    version "0.4.1"
    resolved "https://registry.yarnpkg.com/meteor-node-stubs/-/meteor-node-stubs-0.4.1.tgz#f755d8f127c1a1ae3d57dc71df197bb8c0e26767"
    dependencies:
      assert "^1.4.1"
      browserify-zlib "^0.1.4"
      buffer "^4.9.1"
      console-browserify "^1.1.0"
      constants-browserify "^1.0.0"
      crypto-browserify "^3.11.0"
      domain-browser "^1.1.7"
      events "^1.1.1"
      https-browserify "0.0.1"
      os-browserify "^0.2.1"
      path-browserify "0.0.0"
      process "^0.11.9"
      punycode "^1.4.1"
      querystring-es3 "^0.2.1"
      readable-stream "^2.3.6"
      stream-browserify "^2.0.1"
      stream-http "^2.8.0"
      string_decoder "^1.1.0"
      timers-browserify "^1.4.2"
      tty-browserify "0.0.0"
      url "^0.11.0"
      util "^0.10.3"
      vm-browserify "0.0.4"
  
  miller-rabin@^4.0.0:
    version "4.0.1"
    resolved "https://registry.yarnpkg.com/miller-rabin/-/miller-rabin-4.0.1.tgz#f080351c865b0dc562a8462966daa53543c78a4d"
    dependencies:
      bn.js "^4.0.0"
      brorand "^1.0.1"
  
  minimalistic-assert@^1.0.0, minimalistic-assert@^1.0.1:
    version "1.0.1"
    resolved "https://registry.yarnpkg.com/minimalistic-assert/-/minimalistic-assert-1.0.1.tgz#2e194de044626d4a10e7f7fbc00ce73e83e4d5c7"
  
  minimalistic-crypto-utils@^1.0.0, minimalistic-crypto-utils@^1.0.1:
    version "1.0.1"
    resolved "https://registry.yarnpkg.com/minimalistic-crypto-utils/-/minimalistic-crypto-utils-1.0.1.tgz#f6c00c1c0b082246e5c4d99dfb8c7c083b2b582a"
  
  moment-timezone@^0.5.0:
    version "0.5.21"
    resolved "https://registry.yarnpkg.com/moment-timezone/-/moment-timezone-0.5.21.tgz#3cba247d84492174dbf71de2a9848fa13207b845"
    dependencies:
      moment ">= 2.9.0"
  
  "moment@>= 2.9.0":
    version "2.22.2"
    resolved "https://registry.yarnpkg.com/moment/-/moment-2.22.2.tgz#3c257f9839fc0e93ff53149632239eb90783ff66"
  
  mongo-object@^0.1.3:
    version "0.1.3"
    resolved "https://registry.yarnpkg.com/mongo-object/-/mongo-object-0.1.3.tgz#56b2a46d3ae4f0bdb1935241928fb444034b92e5"
    dependencies:
      lodash.foreach "^4.5.0"
      lodash.isempty "^4.4.0"
      lodash.isobject "^3.0.2"
      lodash.without "^4.4.0"
  
  node-schedule@^1.3.0:
    version "1.3.0"
    resolved "https://registry.yarnpkg.com/node-schedule/-/node-schedule-1.3.0.tgz#e7a7e816a7f2550d5b170bd106e765db28bdf030"
    dependencies:
      cron-parser "^2.4.0"
      long-timeout "0.1.1"
      sorted-array-functions "^1.0.0"
  
  object-keys@^1.0.12:
    version "1.0.12"
    resolved "https://registry.yarnpkg.com/object-keys/-/object-keys-1.0.12.tgz#09c53855377575310cca62f55bb334abff7b3ed2"
  
  os-browserify@^0.2.1:
    version "0.2.1"
    resolved "https://registry.yarnpkg.com/os-browserify/-/os-browserify-0.2.1.tgz#63fc4ccee5d2d7763d26bbf8601078e6c2e0044f"
  
  pako@~0.2.0:
    version "0.2.9"
    resolved "https://registry.yarnpkg.com/pako/-/pako-0.2.9.tgz#f3f7522f4ef782348da8161bad9ecfd51bf83a75"
  
  parse-asn1@^5.0.0:
    version "5.1.1"
    resolved "http://registry.npmjs.org/parse-asn1/-/parse-asn1-5.1.1.tgz#f6bf293818332bd0dab54efb16087724745e6ca8"
    dependencies:
      asn1.js "^4.0.0"
      browserify-aes "^1.0.0"
      create-hash "^1.1.0"
      evp_bytestokey "^1.0.0"
      pbkdf2 "^3.0.3"
  
  path-browserify@0.0.0:
    version "0.0.0"
    resolved "https://registry.yarnpkg.com/path-browserify/-/path-browserify-0.0.0.tgz#a0b870729aae214005b7d5032ec2cbbb0fb4451a"
  
  pbkdf2@^3.0.3:
    version "3.0.17"
    resolved "https://registry.yarnpkg.com/pbkdf2/-/pbkdf2-3.0.17.tgz#976c206530617b14ebb32114239f7b09336e93a6"
    dependencies:
      create-hash "^1.1.2"
      create-hmac "^1.1.4"
      ripemd160 "^2.0.1"
      safe-buffer "^5.0.1"
      sha.js "^2.4.8"
  
  process-nextick-args@~2.0.0:
    version "2.0.0"
    resolved "https://registry.yarnpkg.com/process-nextick-args/-/process-nextick-args-2.0.0.tgz#a37d732f4271b4ab1ad070d35508e8290788ffaa"
  
  process@^0.11.9, process@~0.11.0:
    version "0.11.10"
    resolved "https://registry.yarnpkg.com/process/-/process-0.11.10.tgz#7332300e840161bda3e69a1d1d91a7d4bc16f182"
  
  public-encrypt@^4.0.0:
    version "4.0.3"
    resolved "https://registry.yarnpkg.com/public-encrypt/-/public-encrypt-4.0.3.tgz#4fcc9d77a07e48ba7527e7cbe0de33d0701331e0"
    dependencies:
      bn.js "^4.1.0"
      browserify-rsa "^4.0.0"
      create-hash "^1.1.0"
      parse-asn1 "^5.0.0"
      randombytes "^2.0.1"
      safe-buffer "^5.1.2"
  
  pubsub-js@^1.7.0:
    version "1.7.0"
    resolved "https://registry.yarnpkg.com/pubsub-js/-/pubsub-js-1.7.0.tgz#eca97f9a4217bef62b2d3aaa1552005260cc2e49"
  
  punycode@1.3.2:
    version "1.3.2"
    resolved "https://registry.yarnpkg.com/punycode/-/punycode-1.3.2.tgz#9653a036fb7c1ee42342f2325cceefea3926c48d"
  
  punycode@^1.4.1:
    version "1.4.1"
    resolved "https://registry.yarnpkg.com/punycode/-/punycode-1.4.1.tgz#c0d5a63b2718800ad8e1eb0fa5269c84dd41845e"
  
  querystring-es3@^0.2.1:
    version "0.2.1"
    resolved "https://registry.yarnpkg.com/querystring-es3/-/querystring-es3-0.2.1.tgz#9ec61f79049875707d69414596fd907a4d711e73"
  
  querystring@0.2.0:
    version "0.2.0"
    resolved "https://registry.yarnpkg.com/querystring/-/querystring-0.2.0.tgz#b209849203bb25df820da756e747005878521620"
  
  randombytes@^2.0.0, randombytes@^2.0.1, randombytes@^2.0.5:
    version "2.0.6"
    resolved "https://registry.yarnpkg.com/randombytes/-/randombytes-2.0.6.tgz#d302c522948588848a8d300c932b44c24231da80"
    dependencies:
      safe-buffer "^5.1.0"
  
  randomfill@^1.0.3:
    version "1.0.4"
    resolved "https://registry.yarnpkg.com/randomfill/-/randomfill-1.0.4.tgz#c92196fc86ab42be983f1bf31778224931d61458"
    dependencies:
      randombytes "^2.0.5"
      safe-buffer "^5.1.0"
  
  readable-stream@^2.0.2, readable-stream@^2.3.6:
    version "2.3.6"
    resolved "http://registry.npmjs.org/readable-stream/-/readable-stream-2.3.6.tgz#b11c27d88b8ff1fbe070643cf94b0c79ae1b0aaf"
    dependencies:
      core-util-is "~1.0.0"
      inherits "~2.0.3"
      isarray "~1.0.0"
      process-nextick-args "~2.0.0"
      safe-buffer "~5.1.1"
      string_decoder "~1.1.1"
      util-deprecate "~1.0.1"
  
  regenerator-runtime@^0.12.0:
    version "0.12.1"
    resolved "https://registry.yarnpkg.com/regenerator-runtime/-/regenerator-runtime-0.12.1.tgz#fa1a71544764c036f8c49b13a08b2594c9f8a0de"
  
  ripemd160@^2.0.0, ripemd160@^2.0.1:
    version "2.0.2"
    resolved "https://registry.yarnpkg.com/ripemd160/-/ripemd160-2.0.2.tgz#a1c1a6f624751577ba5d07914cbc92850585890c"
    dependencies:
      hash-base "^3.0.0"
      inherits "^2.0.1"
  
  safe-buffer@^5.0.1, safe-buffer@^5.1.0, safe-buffer@^5.1.1, safe-buffer@^5.1.2, safe-buffer@~5.1.0, safe-buffer@~5.1.1:
    version "5.1.2"
    resolved "https://registry.yarnpkg.com/safe-buffer/-/safe-buffer-5.1.2.tgz#991ec69d296e0313747d59bdfd2b745c35f8828d"
  
  sanitize-filename@^1.6.1:
    version "1.6.1"
    resolved "https://registry.yarnpkg.com/sanitize-filename/-/sanitize-filename-1.6.1.tgz#612da1c96473fa02dccda92dcd5b4ab164a6772a"
    dependencies:
      truncate-utf8-bytes "^1.0.0"
  
  sax@1.2.1, sax@>=0.6.0:
    version "1.2.1"
    resolved "http://registry.npmjs.org/sax/-/sax-1.2.1.tgz#7b8e656190b228e81a66aea748480d828cd2d37a"
  
  sha.js@^2.4.0, sha.js@^2.4.8:
    version "2.4.11"
    resolved "http://registry.npmjs.org/sha.js/-/sha.js-2.4.11.tgz#37a5cf0b81ecbc6943de109ba2960d1b26584ae7"
    dependencies:
      inherits "^2.0.1"
      safe-buffer "^5.0.1"
  
  simpl-schema@^1.5.3:
    version "1.5.3"
    resolved "https://registry.yarnpkg.com/simpl-schema/-/simpl-schema-1.5.3.tgz#c1d12ebddd7ff6dd32ace5e6364824ae506d4a9a"
    dependencies:
      clone "^2.1.1"
      extend "^3.0.1"
      lodash.every "^4.6.0"
      lodash.find "^4.6.0"
      lodash.findwhere "^3.1.0"
      lodash.includes "^4.3.0"
      lodash.isempty "^4.4.0"
      lodash.isobject "^3.0.2"
      lodash.omit "^4.5.0"
      lodash.pick "^4.4.0"
      lodash.union "^4.6.0"
      lodash.uniq "^4.5.0"
      message-box "^0.2.0"
      mongo-object "^0.1.3"
  
  sorted-array-functions@^1.0.0:
    version "1.2.0"
    resolved "https://registry.yarnpkg.com/sorted-array-functions/-/sorted-array-functions-1.2.0.tgz#43265b21d6e985b7df31621b1c11cc68d8efc7c3"
  
  stream-browserify@^2.0.1:
    version "2.0.1"
    resolved "https://registry.yarnpkg.com/stream-browserify/-/stream-browserify-2.0.1.tgz#66266ee5f9bdb9940a4e4514cafb43bb71e5c9db"
    dependencies:
      inherits "~2.0.1"
      readable-stream "^2.0.2"
  
  stream-http@^2.8.0:
    version "2.8.3"
    resolved "https://registry.yarnpkg.com/stream-http/-/stream-http-2.8.3.tgz#b2d242469288a5a27ec4fe8933acf623de6514fc"
    dependencies:
      builtin-status-codes "^3.0.0"
      inherits "^2.0.1"
      readable-stream "^2.3.6"
      to-arraybuffer "^1.0.0"
      xtend "^4.0.0"
  
  string_decoder@^1.1.0, string_decoder@~1.1.1:
    version "1.1.1"
    resolved "https://registry.yarnpkg.com/string_decoder/-/string_decoder-1.1.1.tgz#9cf1611ba62685d7030ae9e4ba34149c3af03fc8"
    dependencies:
      safe-buffer "~5.1.0"
  
  timers-browserify@^1.4.2:
    version "1.4.2"
    resolved "https://registry.yarnpkg.com/timers-browserify/-/timers-browserify-1.4.2.tgz#c9c58b575be8407375cb5e2462dacee74359f41d"
    dependencies:
      process "~0.11.0"
  
  to-arraybuffer@^1.0.0:
    version "1.0.1"
    resolved "https://registry.yarnpkg.com/to-arraybuffer/-/to-arraybuffer-1.0.1.tgz#7d229b1fcc637e466ca081180836a7aabff83f43"
  
  truncate-utf8-bytes@^1.0.0:
    version "1.0.2"
    resolved "https://registry.yarnpkg.com/truncate-utf8-bytes/-/truncate-utf8-bytes-1.0.2.tgz#405923909592d56f78a5818434b0b78489ca5f2b"
    dependencies:
      utf8-byte-length "^1.0.1"
  
  tty-browserify@0.0.0:
    version "0.0.0"
    resolved "https://registry.yarnpkg.com/tty-browserify/-/tty-browserify-0.0.0.tgz#a157ba402da24e9bf957f9aa69d524eed42901a6"
  
  url@0.10.3:
    version "0.10.3"
    resolved "https://registry.yarnpkg.com/url/-/url-0.10.3.tgz#021e4d9c7705f21bbf37d03ceb58767402774c64"
    dependencies:
      punycode "1.3.2"
      querystring "0.2.0"
  
  url@^0.11.0:
    version "0.11.0"
    resolved "https://registry.yarnpkg.com/url/-/url-0.11.0.tgz#3838e97cfc60521eb73c525a8e55bfdd9e2e28f1"
    dependencies:
      punycode "1.3.2"
      querystring "0.2.0"
  
  utf8-byte-length@^1.0.1:
    version "1.0.4"
    resolved "https://registry.yarnpkg.com/utf8-byte-length/-/utf8-byte-length-1.0.4.tgz#f45f150c4c66eee968186505ab93fcbb8ad6bf61"
  
  util-deprecate@~1.0.1:
    version "1.0.2"
    resolved "https://registry.yarnpkg.com/util-deprecate/-/util-deprecate-1.0.2.tgz#450d4dc9fa70de732762fbd2d4a28981419a0ccf"
  
  util@0.10.3:
    version "0.10.3"
    resolved "https://registry.yarnpkg.com/util/-/util-0.10.3.tgz#7afb1afe50805246489e3db7fe0ed379336ac0f9"
    dependencies:
      inherits "2.0.1"
  
  util@^0.10.3:
    version "0.10.4"
    resolved "https://registry.yarnpkg.com/util/-/util-0.10.4.tgz#3aa0125bfe668a4672de58857d3ace27ecb76901"
    dependencies:
      inherits "2.0.3"
  
  uuid@3.1.0:
    version "3.1.0"
    resolved "https://registry.yarnpkg.com/uuid/-/uuid-3.1.0.tgz#3dd3d3e790abc24d7b0d3a034ffababe28ebbc04"
  
  vm-browserify@0.0.4:
    version "0.0.4"
    resolved "https://registry.yarnpkg.com/vm-browserify/-/vm-browserify-0.0.4.tgz#5d7ea45bbef9e4a6ff65f95438e0a87c357d5a73"
    dependencies:
      indexof "0.0.1"
  
  xml2js@0.4.19:
    version "0.4.19"
    resolved "https://registry.yarnpkg.com/xml2js/-/xml2js-0.4.19.tgz#686c20f213209e94abf0d1bcf1efaa291c7827a7"
    dependencies:
      sax ">=0.6.0"
      xmlbuilder "~9.0.1"
  
  xmlbuilder@~9.0.1:
    version "9.0.7"
    resolved "https://registry.yarnpkg.com/xmlbuilder/-/xmlbuilder-9.0.7.tgz#132ee63d2ec5565c557e20f4c22df9aca686b10d"
  
  xtend@^4.0.0:
    version "4.0.1"
    resolved "https://registry.yarnpkg.com/xtend/-/xtend-4.0.1.tgz#a5c6d532be656e23db820efb943a1f04998d63af"

Trace: 
  Error: No registered module found called "firstcut-models".
      at new MessageError (/usr/local/Cellar/yarn/1.5.1_1/libexec/lib/cli.js:186:110)
      at Object.<anonymous> (/usr/local/Cellar/yarn/1.5.1_1/libexec/lib/cli.js:59875:17)
      at Generator.next (<anonymous>)
      at step (/usr/local/Cellar/yarn/1.5.1_1/libexec/lib/cli.js:98:30)
      at /usr/local/Cellar/yarn/1.5.1_1/libexec/lib/cli.js:109:13
      at <anonymous>
