Arguments: 
  /usr/local/lib/node_modules/node/bin/node /usr/local/Cellar/yarn/1.5.1_1/libexec/bin/yarn.js remove firstcut-pipeline

PATH: 
  /Users/artichokes/FirstCut/firstcut-mono/packages/firstcut-aws/node_modules/.bin:/Users/artichokes/FirstCut/firstcut-mono/packages/node_modules/.bin:/Users/artichokes/FirstCut/firstcut-mono/node_modules/.bin:/Users/artichokes/FirstCut/node_modules/.bin:/Users/artichokes/node_modules/.bin:/Users/node_modules/.bin:/node_modules/.bin:/usr/local/lib/node_modules/node/bin:/Users/artichokes/google-cloud-sdk/bin:/Users/artichokes/.fastlane/bin:/Users/artichokes/.meteor:/Users/artichokes/Scripts:/usr/local/git/bin:/usr/local/sbin:/usr/local/bin:/usr/sbin:/usr/bin:/sbin:/bin:/usr/games:/opt/local/bin:/opt/local/sbin:/usr/X11/bin:/Users/artichokes/Library/Android/sdk/tools:/Users/artichokes/Library/Android/sdk/platform-tools:/Users/artichokes/Library/Android/sdk/tools:/Applications/Postgres.app/Contents/Versions/latest/bin:/Users/artichokes/Library/Android/sdk/build-tools/27.0.2

Yarn version: 
  1.5.1

Node version: 
  9.2.0

Platform: 
  darwin x64

npm manifest: 
  {
    "name": "firstcut-aws",
    "private": true,
    "version": "0.0.0",
    "main": "lib/index.js",
    "dependencies": {
      "@babel/runtime": "^7.0.0-beta.51",
      "remove": "^0.1.5"
    }
  }

yarn manifest: 
  No manifest

Lockfile: 
  # THIS IS AN AUTOGENERATED FILE. DO NOT EDIT THIS FILE DIRECTLY.
  # yarn lockfile v1
  
  
  "@babel/runtime@^7.0.0-beta.51":
    version "7.0.0-beta.51"
    resolved "https://registry.yarnpkg.com/@babel/runtime/-/runtime-7.0.0-beta.51.tgz#48b8ed18307034c6620f643514650ca2ccc0165a"
    dependencies:
      core-js "^2.5.7"
      regenerator-runtime "^0.11.1"
  
  "chainsaw@>=0.0.7 <0.1":
    version "0.0.9"
    resolved "https://registry.yarnpkg.com/chainsaw/-/chainsaw-0.0.9.tgz#11a05102d1c4c785b6d0415d336d5a3a1612913e"
    dependencies:
      traverse ">=0.3.0 <0.4"
  
  core-js@^2.5.7:
    version "2.5.7"
    resolved "https://registry.yarnpkg.com/core-js/-/core-js-2.5.7.tgz#f972608ff0cead68b841a16a932d0b183791814e"
  
  "hashish@>=0.0.2 <0.1":
    version "0.0.4"
    resolved "https://registry.yarnpkg.com/hashish/-/hashish-0.0.4.tgz#6d60bc6ffaf711b6afd60e426d077988014e6554"
    dependencies:
      traverse ">=0.2.4"
  
  regenerator-runtime@^0.11.1:
    version "0.11.1"
    resolved "https://registry.yarnpkg.com/regenerator-runtime/-/regenerator-runtime-0.11.1.tgz#be05ad7f9bf7d22e056f9726cee5017fbf19e2e9"
  
  remove@^0.1.5:
    version "0.1.5"
    resolved "https://registry.yarnpkg.com/remove/-/remove-0.1.5.tgz#095ffd827d65c9f41ad97d33e416a75811079955"
    dependencies:
      seq ">= 0.3.5"
  
  "seq@>= 0.3.5":
    version "0.3.5"
    resolved "https://registry.yarnpkg.com/seq/-/seq-0.3.5.tgz#ae02af3a424793d8ccbf212d69174e0c54dffe38"
    dependencies:
      chainsaw ">=0.0.7 <0.1"
      hashish ">=0.0.2 <0.1"
  
  traverse@>=0.2.4:
    version "0.6.6"
    resolved "https://registry.yarnpkg.com/traverse/-/traverse-0.6.6.tgz#cbdf560fd7b9af632502fed40f918c157ea97137"
  
  "traverse@>=0.3.0 <0.4":
    version "0.3.9"
    resolved "https://registry.yarnpkg.com/traverse/-/traverse-0.3.9.tgz#717b8f220cc0bb7b44e40514c22b2e8bbc70d8b9"

Trace: 
  Error: This module isn't specified in a manifest.
      at new MessageError (/usr/local/Cellar/yarn/1.5.1_1/libexec/lib/cli.js:186:110)
      at Object.<anonymous> (/usr/local/Cellar/yarn/1.5.1_1/libexec/lib/cli.js:60445:15)
      at Generator.next (<anonymous>)
      at step (/usr/local/Cellar/yarn/1.5.1_1/libexec/lib/cli.js:98:30)
      at /usr/local/Cellar/yarn/1.5.1_1/libexec/lib/cli.js:109:13
      at <anonymous>
