0 silly input [ 'soap' ]
1 silly flags { _: [ 'add' ],
1 silly flags   'reject-cycles': false,
1 silly flags   rejectCycles: false,
1 silly flags   dev: false,
1 silly flags   D: false,
1 silly flags   scope: 'firstcut-salesforce-api',
1 silly flags   args: [ 'soap' ] }
2 verbose rootPath /Users/artichokes/FirstCut/firstcut-mono
3 info version 2.11.0
4 silly isInitialized
5 silly isInitialized true
6 silly existsSync /Users/artichokes/FirstCut/firstcut-mono/VERSION
7 info versioning independent
8 info scope firstcut-salesforce-api
9 error EPACKAGES Errored while collecting packages and package graph
10 error JSONError: Unexpected token } in JSON at position 201 while parsing near '...odels": "^0.0.0",  }}' in packages/firstcut-salesforce-api/package.json
10 error     at module.exports (/usr/local/lib/node_modules/lerna/node_modules/parse-json/index.js:26:19)
10 error     at parse (/usr/local/lib/node_modules/lerna/node_modules/load-json-file/index.js:8:29)
10 error     at Function.module.exports.sync.fp [as sync] (/usr/local/lib/node_modules/lerna/node_modules/load-json-file/index.js:11:29)
10 error     at Function.module.exports.sync (/usr/local/lib/node_modules/lerna/node_modules/read-pkg/index.js:40:25)
10 error     at /usr/local/lib/node_modules/lerna/lib/PackageUtilities.js:138:47
10 error     at Array.forEach (<anonymous>)
10 error     at /usr/local/lib/node_modules/lerna/lib/PackageUtilities.js:132:86
10 error     at Array.forEach (<anonymous>)
10 error     at Function.getPackages (/usr/local/lib/node_modules/lerna/lib/PackageUtilities.js:131:22)
