Arguments: 
  /usr/local/lib/node_modules/node/bin/node /usr/local/Cellar/yarn/1.5.1_1/libexec/bin/yarn.js remove babel-polyfill

PATH: 
  /Users/artichokes/FirstCut/firstcut-mono/packages/firstcut-enum/node_modules/.bin:/Users/artichokes/FirstCut/firstcut-mono/packages/node_modules/.bin:/Users/artichokes/FirstCut/firstcut-mono/node_modules/.bin:/Users/artichokes/FirstCut/node_modules/.bin:/Users/artichokes/node_modules/.bin:/Users/node_modules/.bin:/node_modules/.bin:/usr/local/lib/node_modules/node/bin:/Users/artichokes/google-cloud-sdk/bin:/Users/artichokes/.fastlane/bin:/Users/artichokes/.meteor:/Users/artichokes/Scripts:/usr/local/git/bin:/usr/local/sbin:/usr/local/bin:/usr/sbin:/usr/bin:/sbin:/bin:/usr/games:/opt/local/bin:/opt/local/sbin:/usr/X11/bin:/Users/artichokes/Library/Android/sdk/tools:/Users/artichokes/Library/Android/sdk/platform-tools:/Users/artichokes/Library/Android/sdk/tools:/Applications/Postgres.app/Contents/Versions/latest/bin:/Users/artichokes/Library/Android/sdk/build-tools/27.0.2

Yarn version: 
  1.5.1

Node version: 
  9.2.0

Platform: 
  darwin x64

npm manifest: 
  {
    "name": "firstcut-enum",
    "private": true,
    "version": "0.0.0",
    "main": "lib/index.js",
    "dependencies": {
      "@babel/runtime": "^7.0.0-beta.51",
      "moment-timezone": "^0.5.21"
    }
  }

yarn manifest: 
  No manifest

Lockfile: 
  # THIS IS AN AUTOGENERATED FILE. DO NOT EDIT THIS FILE DIRECTLY.
  # yarn lockfile v1
  
  
  "@babel/runtime@^7.0.0-beta.51":
    version "7.0.0-beta.54"
    resolved "https://registry.yarnpkg.com/@babel/runtime/-/runtime-7.0.0-beta.54.tgz#39ebb42723fe7ca4b3e1b00e967e80138d47cadf"
    dependencies:
      core-js "^2.5.7"
      regenerator-runtime "^0.12.0"
  
  core-js@^2.5.7:
    version "2.5.7"
    resolved "https://registry.yarnpkg.com/core-js/-/core-js-2.5.7.tgz#f972608ff0cead68b841a16a932d0b183791814e"
  
  moment-timezone@^0.5.21:
    version "0.5.21"
    resolved "https://registry.yarnpkg.com/moment-timezone/-/moment-timezone-0.5.21.tgz#3cba247d84492174dbf71de2a9848fa13207b845"
    dependencies:
      moment ">= 2.9.0"
  
  "moment@>= 2.9.0":
    version "2.22.2"
    resolved "https://registry.yarnpkg.com/moment/-/moment-2.22.2.tgz#3c257f9839fc0e93ff53149632239eb90783ff66"
  
  regenerator-runtime@^0.12.0:
    version "0.12.0"
    resolved "https://registry.yarnpkg.com/regenerator-runtime/-/regenerator-runtime-0.12.0.tgz#8052ac952d85b10f3425192cd0c53f45cf65c6cb"

Trace: 
  Error: This module isn't specified in a manifest.
      at new MessageError (/usr/local/Cellar/yarn/1.5.1_1/libexec/lib/cli.js:186:110)
      at Object.<anonymous> (/usr/local/Cellar/yarn/1.5.1_1/libexec/lib/cli.js:60445:15)
      at Generator.next (<anonymous>)
      at step (/usr/local/Cellar/yarn/1.5.1_1/libexec/lib/cli.js:98:30)
      at /usr/local/Cellar/yarn/1.5.1_1/libexec/lib/cli.js:109:13
      at <anonymous>
